PushSDK/build/outputs/logs/manifest-merger-debug-report.txt
-- Merging decision tree log ---
manifest
ADDED from Dogplanet/PushSDK/AndroidManifest.xml:2:1-163:12
INJECTED from Dogplanet/PushSDK/AndroidManifest.xml:2:1-163:12
INJECTED from Dogplanet/PushSDK/AndroidManifest.xml:2:1-163:12
INJECTED from Dogplanet/PushSDK/AndroidManifest.xml:2:1-163:12
INJECTED from Dogplanet/PushSDK/AndroidManifest.xml:2:1-163:12
INJECTED from Dogplanet/PushSDK/AndroidManifest.xml:2:1-163:12
INJECTED from Dogplanet/PushSDK/AndroidManifest.xml:2:1-163:12
	package
		ADDED from Dogplanet/PushSDK/AndroidManifest.xml:4:5-36
		INJECTED from Dogplanet/PushSDK/AndroidManifest.xml
		INJECTED from Dogplanet/PushSDK/AndroidManifest.xml
	android:versionName
		ADDED from Dogplanet/PushSDK/AndroidManifest.xml:6:5-30
		INJECTED from Dogplanet/PushSDK/AndroidManifest.xml
		INJECTED from Dogplanet/PushSDK/AndroidManifest.xml
	xmlns:tools
		ADDED from Dogplanet/PushSDK/AndroidManifest.xml:3:5-51
	xmlns:android
		ADDED from Dogplanet/PushSDK/AndroidManifest.xml:2:11-69
	android:versionCode
		ADDED from Dogplanet/PushSDK/AndroidManifest.xml:5:5-28
		INJECTED from Dogplanet/PushSDK/AndroidManifest.xml
		INJECTED from Dogplanet/PushSDK/AndroidManifest.xml
uses-permission#android.permission.INTERNET
ADDED from Dogplanet/PushSDK/AndroidManifest.xml:9:5-67
	android:name
		ADDED from Dogplanet/PushSDK/AndroidManifest.xml:9:22-64
uses-permission#android.permission.ACCESS_NETWORK_STATE
ADDED from Dogplanet/PushSDK/AndroidManifest.xml:10:5-79
	android:name
		ADDED from Dogplanet/PushSDK/AndroidManifest.xml:10:22-76
uses-permission#android.permission.ACCESS_WIFI_STATE
ADDED from Dogplanet/PushSDK/AndroidManifest.xml:11:5-76
	android:name
		ADDED from Dogplanet/PushSDK/AndroidManifest.xml:11:22-73
uses-permission#android.permission.WRITE_EXTERNAL_STORAGE
ADDED from Dogplanet/PushSDK/AndroidManifest.xml:12:5-81
	android:name
		ADDED from Dogplanet/PushSDK/AndroidManifest.xml:12:22-78
uses-permission#android.permission.WAKE_LOCK
ADDED from Dogplanet/PushSDK/AndroidManifest.xml:13:5-68
	android:name
		ADDED from Dogplanet/PushSDK/AndroidManifest.xml:13:22-65
uses-permission#android.permission.READ_PHONE_STATE
ADDED from Dogplanet/PushSDK/AndroidManifest.xml:14:5-75
	android:name
		ADDED from Dogplanet/PushSDK/AndroidManifest.xml:14:22-72
uses-permission#android.permission.BROADCAST_PACKAGE_ADDED
ADDED from Dogplanet/PushSDK/AndroidManifest.xml:15:5-82
	android:name
		ADDED from Dogplanet/PushSDK/AndroidManifest.xml:15:22-79
uses-permission#android.permission.BROADCAST_PACKAGE_CHANGED
ADDED from Dogplanet/PushSDK/AndroidManifest.xml:16:5-84
	android:name
		ADDED from Dogplanet/PushSDK/AndroidManifest.xml:16:22-81
uses-permission#android.permission.BROADCAST_PACKAGE_INSTALL
ADDED from Dogplanet/PushSDK/AndroidManifest.xml:17:5-84
	android:name
		ADDED from Dogplanet/PushSDK/AndroidManifest.xml:17:22-81
uses-permission#android.permission.BROADCAST_PACKAGE_REPLACED
ADDED from Dogplanet/PushSDK/AndroidManifest.xml:18:5-85
	android:name
		ADDED from Dogplanet/PushSDK/AndroidManifest.xml:18:22-82
uses-permission#android.permission.RESTART_PACKAGES
ADDED from Dogplanet/PushSDK/AndroidManifest.xml:19:5-75
	android:name
		ADDED from Dogplanet/PushSDK/AndroidManifest.xml:19:22-72
uses-permission#android.permission.GET_TASKS
ADDED from Dogplanet/PushSDK/AndroidManifest.xml:20:5-68
	android:name
		ADDED from Dogplanet/PushSDK/AndroidManifest.xml:20:22-65
uses-permission#android.permission.RECEIVE_BOOT_COMPLETED
ADDED from Dogplanet/PushSDK/AndroidManifest.xml:21:5-81
	android:name
		ADDED from Dogplanet/PushSDK/AndroidManifest.xml:21:22-78
uses-permission#android.permission.CHANGE_NETWORK_STATE
ADDED from Dogplanet/PushSDK/AndroidManifest.xml:22:5-79
	android:name
		ADDED from Dogplanet/PushSDK/AndroidManifest.xml:22:22-76
uses-permission#android.permission.CHANGE_WIFI_STATE
ADDED from Dogplanet/PushSDK/AndroidManifest.xml:23:5-76
	android:name
		ADDED from Dogplanet/PushSDK/AndroidManifest.xml:23:22-73
application
ADDED from Dogplanet/PushSDK/AndroidManifest.xml:25:5-161:19
service#com.taobao.accs.ChannelService
ADDED from Dogplanet/PushSDK/AndroidManifest.xml:27:9-37:19
	android:process
		ADDED from Dogplanet/PushSDK/AndroidManifest.xml:30:13-39
	android:exported
		ADDED from Dogplanet/PushSDK/AndroidManifest.xml:29:13-36
	android:name
		ADDED from Dogplanet/PushSDK/AndroidManifest.xml:28:13-58
intent-filter#action:name:com.taobao.accs.intent.action.SERVICE
ADDED from Dogplanet/PushSDK/AndroidManifest.xml:31:13-33:29
action#com.taobao.accs.intent.action.SERVICE
ADDED from Dogplanet/PushSDK/AndroidManifest.xml:32:17-80
	android:name
		ADDED from Dogplanet/PushSDK/AndroidManifest.xml:32:25-77
intent-filter#action:name:com.taobao.accs.intent.action.ELECTION
ADDED from Dogplanet/PushSDK/AndroidManifest.xml:34:13-36:29
action#com.taobao.accs.intent.action.ELECTION
ADDED from Dogplanet/PushSDK/AndroidManifest.xml:35:17-81
	android:name
		ADDED from Dogplanet/PushSDK/AndroidManifest.xml:35:25-78
service#com.taobao.accs.data.MsgDistributeService
ADDED from Dogplanet/PushSDK/AndroidManifest.xml:39:9-45:19
	android:exported
		ADDED from Dogplanet/PushSDK/AndroidManifest.xml:41:13-36
	android:name
		ADDED from Dogplanet/PushSDK/AndroidManifest.xml:40:13-69
intent-filter#action:name:com.taobao.accs.intent.action.RECEIVE
ADDED from Dogplanet/PushSDK/AndroidManifest.xml:42:13-44:29
action#com.taobao.accs.intent.action.RECEIVE
ADDED from Dogplanet/PushSDK/AndroidManifest.xml:43:17-80
	android:name
		ADDED from Dogplanet/PushSDK/AndroidManifest.xml:43:25-77
receiver#com.taobao.accs.EventReceiver
ADDED from Dogplanet/PushSDK/AndroidManifest.xml:47:9-64:20
	android:process
		ADDED from Dogplanet/PushSDK/AndroidManifest.xml:49:13-39
	android:name
		ADDED from Dogplanet/PushSDK/AndroidManifest.xml:48:13-57
intent-filter#action:name:android.intent.action.BOOT_COMPLETED
ADDED from Dogplanet/PushSDK/AndroidManifest.xml:50:13-52:29
action#android.intent.action.BOOT_COMPLETED
ADDED from Dogplanet/PushSDK/AndroidManifest.xml:51:17-79
	android:name
		ADDED from Dogplanet/PushSDK/AndroidManifest.xml:51:25-76
intent-filter#action:name:android.net.conn.CONNECTIVITY_CHANGE
ADDED from Dogplanet/PushSDK/AndroidManifest.xml:53:13-56:29
action#android.net.conn.CONNECTIVITY_CHANGE
ADDED from Dogplanet/PushSDK/AndroidManifest.xml:54:17-55:50
	tools:ignore
		ADDED from Dogplanet/PushSDK/AndroidManifest.xml:55:21-47
	android:name
		ADDED from Dogplanet/PushSDK/AndroidManifest.xml:54:25-76
intent-filter#action:name:android.intent.action.PACKAGE_REMOVED+data:scheme:package
ADDED from Dogplanet/PushSDK/AndroidManifest.xml:57:13-60:29
action#android.intent.action.PACKAGE_REMOVED
ADDED from Dogplanet/PushSDK/AndroidManifest.xml:58:17-80
	android:name
		ADDED from Dogplanet/PushSDK/AndroidManifest.xml:58:25-77
data
ADDED from Dogplanet/PushSDK/AndroidManifest.xml:59:17-50
	android:scheme
		ADDED from Dogplanet/PushSDK/AndroidManifest.xml:59:23-47
intent-filter#action:name:android.intent.action.USER_PRESENT
ADDED from Dogplanet/PushSDK/AndroidManifest.xml:61:13-63:29
action#android.intent.action.USER_PRESENT
ADDED from Dogplanet/PushSDK/AndroidManifest.xml:62:17-77
	android:name
		ADDED from Dogplanet/PushSDK/AndroidManifest.xml:62:25-74
receiver#com.taobao.accs.ServiceReceiver
ADDED from Dogplanet/PushSDK/AndroidManifest.xml:66:9-75:20
	android:process
		ADDED from Dogplanet/PushSDK/AndroidManifest.xml:68:13-39
	android:name
		ADDED from Dogplanet/PushSDK/AndroidManifest.xml:67:13-59
intent-filter#action:name:com.taobao.accs.intent.action.COMMAND
ADDED from Dogplanet/PushSDK/AndroidManifest.xml:69:13-71:29
action#com.taobao.accs.intent.action.COMMAND
ADDED from Dogplanet/PushSDK/AndroidManifest.xml:70:17-80
	android:name
		ADDED from Dogplanet/PushSDK/AndroidManifest.xml:70:25-77
intent-filter#action:name:com.taobao.accs.intent.action.START_FROM_AGOO
ADDED from Dogplanet/PushSDK/AndroidManifest.xml:72:13-74:29
action#com.taobao.accs.intent.action.START_FROM_AGOO
ADDED from Dogplanet/PushSDK/AndroidManifest.xml:73:17-88
	android:name
		ADDED from Dogplanet/PushSDK/AndroidManifest.xml:73:25-85
service#com.taobao.accs.ChannelService$KernelService
ADDED from Dogplanet/PushSDK/AndroidManifest.xml:77:9-79:42
	android:process
		ADDED from Dogplanet/PushSDK/AndroidManifest.xml:79:13-39
	android:name
		ADDED from Dogplanet/PushSDK/AndroidManifest.xml:78:13-72
service#org.android.agoo.accs.AgooService
ADDED from Dogplanet/PushSDK/AndroidManifest.xml:81:9-87:19
	android:exported
		ADDED from Dogplanet/PushSDK/AndroidManifest.xml:83:13-36
	android:name
		ADDED from Dogplanet/PushSDK/AndroidManifest.xml:82:13-61
service#com.umeng.message.UmengIntentService
ADDED from Dogplanet/PushSDK/AndroidManifest.xml:89:9-96:19
	android:process
		ADDED from Dogplanet/PushSDK/AndroidManifest.xml:92:13-39
	android:exported
		ADDED from Dogplanet/PushSDK/AndroidManifest.xml:91:13-36
	android:name
		ADDED from Dogplanet/PushSDK/AndroidManifest.xml:90:13-64
intent-filter#action:name:org.agoo.android.intent.action.RECEIVE
ADDED from Dogplanet/PushSDK/AndroidManifest.xml:93:13-95:29
action#org.agoo.android.intent.action.RECEIVE
ADDED from Dogplanet/PushSDK/AndroidManifest.xml:94:17-81
	android:name
		ADDED from Dogplanet/PushSDK/AndroidManifest.xml:94:25-78
service#com.umeng.message.XiaomiIntentService
ADDED from Dogplanet/PushSDK/AndroidManifest.xml:98:9-105:19
	android:process
		ADDED from Dogplanet/PushSDK/AndroidManifest.xml:101:13-39
	android:exported
		ADDED from Dogplanet/PushSDK/AndroidManifest.xml:100:13-36
	android:name
		ADDED from Dogplanet/PushSDK/AndroidManifest.xml:99:13-65
receiver#com.taobao.agoo.AgooCommondReceiver
ADDED from Dogplanet/PushSDK/AndroidManifest.xml:107:9-118:20
	android:process
		ADDED from Dogplanet/PushSDK/AndroidManifest.xml:110:13-39
	android:exported
		ADDED from Dogplanet/PushSDK/AndroidManifest.xml:109:13-36
	android:name
		ADDED from Dogplanet/PushSDK/AndroidManifest.xml:108:13-63
intent-filter#action:name:${applicationId}.intent.action.COMMAND
ADDED from Dogplanet/PushSDK/AndroidManifest.xml:111:13-113:29
action#${applicationId}.intent.action.COMMAND
ADDED from Dogplanet/PushSDK/AndroidManifest.xml:112:17-81
	android:name
		ADDED from Dogplanet/PushSDK/AndroidManifest.xml:112:25-78
service#com.umeng.message.UmengMessageIntentReceiverService
ADDED from Dogplanet/PushSDK/AndroidManifest.xml:120:9-127:19
	android:process
		ADDED from Dogplanet/PushSDK/AndroidManifest.xml:123:13-39
	android:exported
		ADDED from Dogplanet/PushSDK/AndroidManifest.xml:122:13-36
	android:name
		ADDED from Dogplanet/PushSDK/AndroidManifest.xml:121:13-79
intent-filter#action:name:org.android.agoo.client.MessageReceiverService
ADDED from Dogplanet/PushSDK/AndroidManifest.xml:124:13-126:29
action#org.android.agoo.client.MessageReceiverService
ADDED from Dogplanet/PushSDK/AndroidManifest.xml:125:17-89
	android:name
		ADDED from Dogplanet/PushSDK/AndroidManifest.xml:125:25-86
receiver#com.umeng.message.NotificationProxyBroadcastReceiver
ADDED from Dogplanet/PushSDK/AndroidManifest.xml:129:9-131:40
	android:exported
		ADDED from Dogplanet/PushSDK/AndroidManifest.xml:131:13-37
	android:name
		ADDED from Dogplanet/PushSDK/AndroidManifest.xml:130:13-80
service#com.umeng.message.UmengMessageCallbackHandlerService
ADDED from Dogplanet/PushSDK/AndroidManifest.xml:133:9-148:19
	android:exported
		ADDED from Dogplanet/PushSDK/AndroidManifest.xml:135:13-37
	android:name
		ADDED from Dogplanet/PushSDK/AndroidManifest.xml:134:13-80
intent-filter#action:name:com.umeng.messge.registercallback.action
ADDED from Dogplanet/PushSDK/AndroidManifest.xml:136:13-138:29
action#com.umeng.messge.registercallback.action
ADDED from Dogplanet/PushSDK/AndroidManifest.xml:137:17-83
	android:name
		ADDED from Dogplanet/PushSDK/AndroidManifest.xml:137:25-80
intent-filter#action:name:com.umeng.message.enablecallback.action
ADDED from Dogplanet/PushSDK/AndroidManifest.xml:139:13-141:29
action#com.umeng.message.enablecallback.action
ADDED from Dogplanet/PushSDK/AndroidManifest.xml:140:17-82
	android:name
		ADDED from Dogplanet/PushSDK/AndroidManifest.xml:140:25-79
intent-filter#action:name:com.umeng.message.disablecallback.action
ADDED from Dogplanet/PushSDK/AndroidManifest.xml:142:13-144:29
action#com.umeng.message.disablecallback.action
ADDED from Dogplanet/PushSDK/AndroidManifest.xml:143:17-83
	android:name
		ADDED from Dogplanet/PushSDK/AndroidManifest.xml:143:25-80
intent-filter#action:name:com.umeng.message.message.handler.action
ADDED from Dogplanet/PushSDK/AndroidManifest.xml:145:13-147:29
action#com.umeng.message.message.handler.action
ADDED from Dogplanet/PushSDK/AndroidManifest.xml:146:17-83
	android:name
		ADDED from Dogplanet/PushSDK/AndroidManifest.xml:146:25-80
service#com.umeng.message.UmengDownloadResourceService
ADDED from Dogplanet/PushSDK/AndroidManifest.xml:150:9-152:40
	android:exported
		ADDED from Dogplanet/PushSDK/AndroidManifest.xml:152:13-37
	android:name
		ADDED from Dogplanet/PushSDK/AndroidManifest.xml:151:13-74
provider#com.umeng.message.provider.MessageProvider
ADDED from Dogplanet/PushSDK/AndroidManifest.xml:154:9-159:20
	android:authorities
		ADDED from Dogplanet/PushSDK/AndroidManifest.xml:156:13-65
	android:exported
		ADDED from Dogplanet/PushSDK/AndroidManifest.xml:157:13-37
	android:name
		ADDED from Dogplanet/PushSDK/AndroidManifest.xml:155:13-70
grant-uri-permission
ADDED from Dogplanet/PushSDK/AndroidManifest.xml:158:13-62
	android:pathPattern
		ADDED from Dogplanet/PushSDK/AndroidManifest.xml:158:35-59
uses-sdk
INJECTED from Dogplanet/PushSDK/AndroidManifest.xml reason: use-sdk injection requested
INJECTED from Dogplanet/PushSDK/AndroidManifest.xml
INJECTED from Dogplanet/PushSDK/AndroidManifest.xml
INJECTED from Dogplanet/PushSDK/AndroidManifest.xml
INJECTED from Dogplanet/PushSDK/AndroidManifest.xml
	android:targetSdkVersion
		INJECTED from Dogplanet/PushSDK/AndroidManifest.xml
		ADDED from Dogplanet/PushSDK/AndroidManifest.xml
		INJECTED from Dogplanet/PushSDK/AndroidManifest.xml
	android:minSdkVersion
		INJECTED from Dogplanet/PushSDK/AndroidManifest.xml
		ADDED from Dogplanet/PushSDK/AndroidManifest.xml
		INJECTED from Dogplanet/PushSDK/AndroidManifest.xml